Using pre-set license
Built from '2022.3/staging' branch; Version is '2022.3.4f1 (35713cd46cd7) revision 3502396'; Using compiler version '192829333'; Build Type 'Release'
OS: 'Windows 11  (10.0.22621) 64bit CoreSingleLanguage' Language: 'ru' Physical Memory: 16314 MB
BatchMode: 1, IsHumanControllingUs: 0, StartBugReporterOnCrash: 0, Is64bit: 1, IsPro: 1

COMMAND LINE ARGUMENTS:
D:\Programs\Unity\2022.3.4f1\Editor\Unity.exe
-adb2
-batchMode
-noUpm
-name
AssetImportWorker0
-projectPath
D:/PROJECTS/first project
-logFile
Logs/AssetImportWorker0.log
-srvPort
64831
Successfully changed project path to: D:/PROJECTS/first project
D:/PROJECTS/first project
[UnityMemory] Configuration Parameters - Can be set up in boot.config
    "memorysetup-bucket-allocator-granularity=16"
    "memorysetup-bucket-allocator-bucket-count=8"
    "memorysetup-bucket-allocator-block-size=33554432"
    "memorysetup-bucket-allocator-block-count=8"
    "memorysetup-main-allocator-block-size=16777216"
    "memorysetup-thread-allocator-block-size=16777216"
    "memorysetup-gfx-main-allocator-block-size=16777216"
    "memorysetup-gfx-thread-allocator-block-size=16777216"
    "memorysetup-cache-allocator-block-size=4194304"
    "memorysetup-typetree-allocator-block-size=2097152"
    "memorysetup-profiler-bucket-allocator-granularity=16"
    "memorysetup-profiler-bucket-allocator-bucket-count=8"
    "memorysetup-profiler-bucket-allocator-block-size=33554432"
    "memorysetup-profiler-bucket-allocator-block-count=8"
    "memorysetup-profiler-allocator-block-size=16777216"
    "memorysetup-profiler-editor-allocator-block-size=1048576"
    "memorysetup-temp-allocator-size-main=16777216"
    "memorysetup-job-temp-allocator-block-size=2097152"
    "memorysetup-job-temp-allocator-block-size-background=1048576"
    "memorysetup-job-temp-allocator-reduction-small-platforms=262144"
    "memorysetup-allocator-temp-initial-block-size-main=262144"
    "memorysetup-allocator-temp-initial-block-size-worker=262144"
    "memorysetup-temp-allocator-size-background-worker=32768"
    "memorysetup-temp-allocator-size-job-worker=262144"
    "memorysetup-temp-allocator-size-preload-manager=33554432"
    "memorysetup-temp-allocator-size-nav-mesh-worker=65536"
    "memorysetup-temp-allocator-size-audio-worker=65536"
    "memorysetup-temp-allocator-size-cloud-worker=32768"
    "memorysetup-temp-allocator-size-gi-baking-worker=262144"
    "memorysetup-temp-allocator-size-gfx=262144"
Player connection [12740] Host "[IP] 192.168.1.66 [Port] 0 [Flags] 2 [Guid] 525409412 [EditorId] 525409412 [Version] 1048832 [Id] WindowsEditor(7,devpc) [Debug] 1 [PackageName] WindowsEditor [ProjectName] Editor" joined multi-casting on [225.0.0.222:54997]...

Player connection [12740] Host "[IP] 192.168.1.66 [Port] 0 [Flags] 2 [Guid] 525409412 [EditorId] 525409412 [Version] 1048832 [Id] WindowsEditor(7,devpc) [Debug] 1 [PackageName] WindowsEditor [ProjectName] Editor" joined alternative multi-casting on [225.0.0.222:34997]...

Refreshing native plugins compatible for Editor in 4.28 ms, found 3 plugins.
Preloading 0 native plugins for Editor in 0.00 ms.
Initialize engine version: 2022.3.4f1 (35713cd46cd7)
[Subsystems] Discovering subsystems at path D:/Programs/Unity/2022.3.4f1/Editor/Data/Resources/UnitySubsystems
[Subsystems] Discovering subsystems at path D:/PROJECTS/first project/Assets
GfxDevice: creating device client; threaded=0; jobified=0
Direct3D:
    Version:  Direct3D 11.0 [level 11.1]
    Renderer: NVIDIA GeForce RTX 2070 SUPER (ID=0x1e84)
    Vendor:   NVIDIA
    VRAM:     8003 MB
    Driver:   31.0.15.3640
Initialize mono
Mono path[0] = 'D:/Programs/Unity/2022.3.4f1/Editor/Data/Managed'
Mono path[1] = 'D:/Programs/Unity/2022.3.4f1/Editor/Data/MonoBleedingEdge/lib/mono/unityjit-win32'
Mono config path = 'D:/Programs/Unity/2022.3.4f1/Editor/Data/MonoBleedingEdge/etc'
Using monoOptions --debugger-agent=transport=dt_socket,embedding=1,server=y,suspend=n,address=127.0.0.1:56932
Begin MonoManager ReloadAssembly
Registering precompiled unity dll's ...
Register platform support module: D:/Programs/Unity/2022.3.4f1/Editor/Data/PlaybackEngines/WebGLSupport/UnityEditor.WebGL.Extensions.dll
Register platform support module: D:/Programs/Unity/2022.3.4f1/Editor/Data/PlaybackEngines/WindowsStandaloneSupport/UnityEditor.WindowsStandalone.Extensions.dll
Registered in 0.002799 seconds.
- Loaded All Assemblies, in  0.274 seconds
Native extension for WindowsStandalone target not found
Native extension for WebGL target not found
Mono: successfully reloaded assembly
- Finished resetting the current domain, in  0.233 seconds
Domain Reload Profiling: 507ms
	BeginReloadAssembly (67ms)
		ExecutionOrderSort (0ms)
		DisableScriptedObjects (0ms)
		BackupInstance (0ms)
		ReleaseScriptingObjects (0ms)
		CreateAndSetChildDomain (1ms)
	RebuildCommonClasses (29ms)
	RebuildNativeTypeToScriptingClass (12ms)
	initialDomainReloadingComplete (42ms)
	LoadAllAssembliesAndSetupDomain (123ms)
		LoadAssemblies (66ms)
		RebuildTransferFunctionScriptingTraits (0ms)
		AnalyzeDomain (121ms)
			TypeCache.Refresh (121ms)
				TypeCache.ScanAssembly (111ms)
			ScanForSourceGeneratedMonoScriptInfo (0ms)
			ResolveRequiredComponents (0ms)
	FinalizeReload (233ms)
		ReleaseScriptCaches (0ms)
		RebuildScriptCaches (0ms)
		SetupLoadedEditorAssemblies (181ms)
			LogAssemblyErrors (0ms)
			InitializePlatformSupportModulesInManaged (7ms)
			SetLoadedEditorAssemblies (4ms)
			RefreshPlugins (0ms)
			BeforeProcessingInitializeOnLoad (2ms)
			ProcessInitializeOnLoadAttributes (127ms)
			ProcessInitializeOnLoadMethodAttributes (41ms)
			AfterProcessingInitializeOnLoad (0ms)
			EditorAssembliesLoaded (0ms)
		ExecutionOrderSort2 (0ms)
		AwakeInstancesAfterBackupRestoration (0ms)
========================================================================
Worker process is ready to serve import requests
Begin MonoManager ReloadAssembly
Symbol file LoadedFromMemory doesn't match image D:\PROJECTS\first project\Library\PackageCache\com.unity.visualscripting@1.8.0\Editor\VisualScripting.Core\Dependencies\YamlDotNet\Unity.VisualScripting.YamlDotNet.dll
Symbol file LoadedFromMemory doesn't match image D:\PROJECTS\first project\Library\PackageCache\com.unity.visualscripting@1.8.0\Editor\VisualScripting.Core\Dependencies\DotNetZip\Unity.VisualScripting.IonicZip.dll
- Loaded All Assemblies, in  0.557 seconds
Refreshing native plugins compatible for Editor in 1.57 ms, found 3 plugins.
Native extension for WindowsStandalone target not found
Native extension for WebGL target not found
Mono: successfully reloaded assembly
- Finished resetting the current domain, in  0.399 seconds
Domain Reload Profiling: 957ms
	BeginReloadAssembly (106ms)
		ExecutionOrderSort (0ms)
		DisableScriptedObjects (5ms)
		BackupInstance (0ms)
		ReleaseScriptingObjects (0ms)
		CreateAndSetChildDomain (19ms)
	RebuildCommonClasses (29ms)
	RebuildNativeTypeToScriptingClass (10ms)
	initialDomainReloadingComplete (31ms)
	LoadAllAssembliesAndSetupDomain (382ms)
		LoadAssemblies (177ms)
		RebuildTransferFunctionScriptingTraits (0ms)
		AnalyzeDomain (254ms)
			TypeCache.Refresh (240ms)
				TypeCache.ScanAssembly (229ms)
			ScanForSourceGeneratedMonoScriptInfo (11ms)
			ResolveRequiredComponents (3ms)
	FinalizeReload (400ms)
		ReleaseScriptCaches (0ms)
		RebuildScriptCaches (0ms)
		SetupLoadedEditorAssemblies (274ms)
			LogAssemblyErrors (0ms)
			InitializePlatformSupportModulesInManaged (4ms)
			SetLoadedEditorAssemblies (3ms)
			RefreshPlugins (0ms)
			BeforeProcessingInitializeOnLoad (43ms)
			ProcessInitializeOnLoadAttributes (206ms)
			ProcessInitializeOnLoadMethodAttributes (16ms)
			AfterProcessingInitializeOnLoad (2ms)
			EditorAssembliesLoaded (0ms)
		ExecutionOrderSort2 (0ms)
		AwakeInstancesAfterBackupRestoration (6ms)
Launched and connected shader compiler UnityShaderCompiler.exe after 0.03 seconds
Refreshing native plugins compatible for Editor in 1.69 ms, found 3 plugins.
Preloading 0 native plugins for Editor in 0.00 ms.
Unloading 3065 Unused Serialized files (Serialized files now loaded: 0)
Unloading 31 unused Assets / (56.2 KB). Loaded Objects now: 3529.
Memory consumption went from 115.8 MB to 115.7 MB.
Total: 3.152500 ms (FindLiveObjects: 0.260200 ms CreateObjectMapping: 0.253000 ms MarkObjects: 2.549400 ms  DeleteObjects: 0.088900 ms)

AssetImportParameters requested are different than current active one (requested -> active):
  custom:container-demuxer-ogg: 62fdf1f143b41e24485cea50d1cbac27 -> 
  custom:video-decoder-ogg-theora: a1e56fd34408186e4bbccfd4996cb3dc -> 
  custom:framework-win-MediaFoundation: 216162199b28c13a410421893ffa2e32 -> 
  custom:container-demuxer-webm: 4f35f7cbe854078d1ac9338744f61a02 -> 
  custom:container-muxer-webm: aa71ff27fc2769a1b78a27578f13a17b -> 
  custom:video-decoder-webm-vp8: 9c59270c3fd7afecdb556c50c9e8de78 -> 
  custom:AudioImporter_EditorPlatform: d09bf68614088b80899f8185d706f6e7 -> 
  custom:video-encoder-webm-vp8: eb34c28f22e8b96e1ab97ce403110664 -> 
  custom:audio-decoder-ogg-vorbis: bf7c407c2cedff20999df2af8eb42d56 -> 
  custom:audio-encoder-webm-vorbis: bf7c407c2cedff20999df2af8eb42d56 -> 
========================================================================
Received Import Request.
  Time since last request: 452608.721910 seconds.
  path: Assets/Wheels.mat
  artifactKey: Guid(b61d36c49bcd4664c9fc62e357563d43) Importer(815301076,1909f56bfc062723c751e8b465ee728b)
Start importing Assets/Wheels.mat using Guid(b61d36c49bcd4664c9fc62e357563d43) Importer(815301076,1909f56bfc062723c751e8b465ee728b)  -> (artifact id: 'c25a0d420bc8f44ecbd8efd689be1026') in 0.144551 seconds
Number of updated asset objects reloaded before import = 0
Number of asset objects unloaded after import = 1
========================================================================
Received Import Request.
  Time since last request: 0.000022 seconds.
  path: Assets/BodyMaterial.mat
  artifactKey: Guid(14d44253028a17e499080e7fa6228afa) Importer(815301076,1909f56bfc062723c751e8b465ee728b)
Start importing Assets/BodyMaterial.mat using Guid(14d44253028a17e499080e7fa6228afa) Importer(815301076,1909f56bfc062723c751e8b465ee728b)  -> (artifact id: 'f68509b898b33c5201b03d1886545521') in 0.004964 seconds
Number of updated asset objects reloaded before import = 0
Number of asset objects unloaded after import = 1
========================================================================
Received Prepare
Refreshing native plugins compatible for Editor in 1.79 ms, found 3 plugins.
Preloading 0 native plugins for Editor in 0.00 ms.
Unloading 0 Unused Serialized files (Serialized files now loaded: 0)
Unloading 1 unused Assets / (0.8 KB). Loaded Objects now: 3571.
Memory consumption went from 71.9 MB to 71.9 MB.
Total: 2.727200 ms (FindLiveObjects: 0.250100 ms CreateObjectMapping: 0.249400 ms MarkObjects: 2.211800 ms  DeleteObjects: 0.015300 ms)

Prepare: number of updated asset objects reloaded= 0
AssetImportParameters requested are different than current active one (requested -> active):
  custom:container-demuxer-ogg: 62fdf1f143b41e24485cea50d1cbac27 -> 
  custom:video-decoder-ogg-theora: a1e56fd34408186e4bbccfd4996cb3dc -> 
  custom:framework-win-MediaFoundation: 216162199b28c13a410421893ffa2e32 -> 
  custom:CustomObjectIndexerAttribute: 756ad292c208cfabdd7b50bc23989ffe -> 
  custom:container-demuxer-webm: 4f35f7cbe854078d1ac9338744f61a02 -> 
  custom:container-muxer-webm: aa71ff27fc2769a1b78a27578f13a17b -> 
  custom:video-decoder-webm-vp8: 9c59270c3fd7afecdb556c50c9e8de78 -> 
  custom:AudioImporter_EditorPlatform: d09bf68614088b80899f8185d706f6e7 -> 
  custom:video-encoder-webm-vp8: eb34c28f22e8b96e1ab97ce403110664 -> 
  custom:audio-decoder-ogg-vorbis: bf7c407c2cedff20999df2af8eb42d56 -> 
  custom:audio-encoder-webm-vorbis: bf7c407c2cedff20999df2af8eb42d56 -> 
========================================================================
Received Import Request.
  Time since last request: 314.937734 seconds.
  path: Assets/Scenes/MoonVehicle.unity
  artifactKey: Guid(abca310fc274b20478dcac2f9abd43e0) Importer(815301076,1909f56bfc062723c751e8b465ee728b)
Start importing Assets/Scenes/MoonVehicle.unity using Guid(abca310fc274b20478dcac2f9abd43e0) Importer(815301076,1909f56bfc062723c751e8b465ee728b)  -> (artifact id: '12f02f54ecd6bab642738399d466c5d5') in 0.031533 seconds
Number of updated asset objects reloaded before import = 0
Number of asset objects unloaded after import = 0
========================================================================
Received Import Request.
  Time since last request: 76.768087 seconds.
  path: Assets/Scenes/earth.mat
  artifactKey: Guid(677700b67f787ab41947e96a867ccadd) Importer(815301076,1909f56bfc062723c751e8b465ee728b)
Start importing Assets/Scenes/earth.mat using Guid(677700b67f787ab41947e96a867ccadd) Importer(815301076,1909f56bfc062723c751e8b465ee728b)  -> (artifact id: 'dcfdd3213f284af9f98408f58c69ba81') in 0.094772 seconds
Number of updated asset objects reloaded before import = 0
Number of asset objects unloaded after import = 1
========================================================================
Received Import Request.
  Time since last request: 381.878030 seconds.
  path: Assets/Scenes/back.jpg
  artifactKey: Guid(fe9572cdd41a334489f9d972b4cb6894) Importer(815301076,1909f56bfc062723c751e8b465ee728b)
Start importing Assets/Scenes/back.jpg using Guid(fe9572cdd41a334489f9d972b4cb6894) Importer(815301076,1909f56bfc062723c751e8b465ee728b)  -> (artifact id: '578bf48cc621c316311fee0921a0cc80') in 0.043028 seconds
Number of updated asset objects reloaded before import = 0
Number of asset objects unloaded after import = 2
========================================================================
Received Import Request.
  Time since last request: 206.898214 seconds.
  path: Assets/Scenes/background.jpg
  artifactKey: Guid(fe9572cdd41a334489f9d972b4cb6894) Importer(815301076,1909f56bfc062723c751e8b465ee728b)
Start importing Assets/Scenes/background.jpg using Guid(fe9572cdd41a334489f9d972b4cb6894) Importer(815301076,1909f56bfc062723c751e8b465ee728b)  -> (artifact id: '37106ab6092f1b0d7c7ab37d36ecafb8') in 0.008227 seconds
Number of updated asset objects reloaded before import = 0
Number of asset objects unloaded after import = 2
========================================================================
Received Import Request.
  Time since last request: 92.581015 seconds.
  path: Assets/Scenes/grass.jpg
  artifactKey: Guid(584028a778228d94aac34f80795d4d33) Importer(815301076,1909f56bfc062723c751e8b465ee728b)
Start importing Assets/Scenes/grass.jpg using Guid(584028a778228d94aac34f80795d4d33) Importer(815301076,1909f56bfc062723c751e8b465ee728b)  -> (artifact id: '4fc08a23a8bd589eef868a32e0308901') in 0.025007 seconds
Number of updated asset objects reloaded before import = 0
Number of asset objects unloaded after import = 2
========================================================================
Received Import Request.
  Time since last request: 681.473063 seconds.
  path: Assets/Scenes/wood.jpg
  artifactKey: Guid(4398e4a013e78a346be153a48af8ff80) Importer(815301076,1909f56bfc062723c751e8b465ee728b)
Start importing Assets/Scenes/wood.jpg using Guid(4398e4a013e78a346be153a48af8ff80) Importer(815301076,1909f56bfc062723c751e8b465ee728b)  -> (artifact id: '08690eb30b65ceefe7a440aeb3c6e604') in 0.007632 seconds
Number of updated asset objects reloaded before import = 0
Number of asset objects unloaded after import = 2
========================================================================
Received Import Request.
  Time since last request: 93.426034 seconds.
  path: Assets/Scenes/foliage.jpg
  artifactKey: Guid(e5612f2ca485cbd42a09615b445954c5) Importer(815301076,1909f56bfc062723c751e8b465ee728b)
Start importing Assets/Scenes/foliage.jpg using Guid(e5612f2ca485cbd42a09615b445954c5) Importer(815301076,1909f56bfc062723c751e8b465ee728b)  -> (artifact id: '33128f2f20ff923a21d80a25c83ad5f3') in 0.013695 seconds
Number of updated asset objects reloaded before import = 0
Number of asset objects unloaded after import = 2
========================================================================
Received Import Request.
  Time since last request: 153.244907 seconds.
  path: Assets/Scenes/foliage2.jpg
  artifactKey: Guid(819610dc3abc413408631da3db044468) Importer(815301076,1909f56bfc062723c751e8b465ee728b)
Start importing Assets/Scenes/foliage2.jpg using Guid(819610dc3abc413408631da3db044468) Importer(815301076,1909f56bfc062723c751e8b465ee728b)  -> (artifact id: '9cae633ea1ab7baf1d11a0b04669f76e') in 0.006179 seconds
Number of updated asset objects reloaded before import = 0
Number of asset objects unloaded after import = 2
========================================================================
Received Import Request.
  Time since last request: 347.589557 seconds.
  path: Assets/Scenes/bush.jpg
  artifactKey: Guid(a67f0fab608bc754c8b8de1151b28b04) Importer(815301076,1909f56bfc062723c751e8b465ee728b)
Start importing Assets/Scenes/bush.jpg using Guid(a67f0fab608bc754c8b8de1151b28b04) Importer(815301076,1909f56bfc062723c751e8b465ee728b)  -> (artifact id: '5bbcfa74e7a66dc15ce92e5252ec0bb9') in 0.007385 seconds
Number of updated asset objects reloaded before import = 0
Number of asset objects unloaded after import = 2
========================================================================
Received Import Request.
  Time since last request: 49.972771 seconds.
  path: Assets/Scenes/bush 1.jpg
  artifactKey: Guid(b43b0e7ce7d78d542b2635bc2bb894f0) Importer(815301076,1909f56bfc062723c751e8b465ee728b)
Start importing Assets/Scenes/bush 1.jpg using Guid(b43b0e7ce7d78d542b2635bc2bb894f0) Importer(815301076,1909f56bfc062723c751e8b465ee728b)  -> (artifact id: '3671220290a8c1d4813c98838d0e7702') in 0.015804 seconds
Number of updated asset objects reloaded before import = 0
Number of asset objects unloaded after import = 2
========================================================================
Received Import Request.
  Time since last request: 317.200906 seconds.
  path: Assets/Scenes/MoonVehicle.unity
  artifactKey: Guid(abca310fc274b20478dcac2f9abd43e0) Importer(815301076,1909f56bfc062723c751e8b465ee728b)
Start importing Assets/Scenes/MoonVehicle.unity using Guid(abca310fc274b20478dcac2f9abd43e0) Importer(815301076,1909f56bfc062723c751e8b465ee728b)  -> (artifact id: 'a5706666e39f704414143c6c6af6acfb') in 0.000659 seconds
Number of updated asset objects reloaded before import = 0
Number of asset objects unloaded after import = 0
========================================================================
Received Import Request.
  Time since last request: 360.263662 seconds.
  path: Assets/Scenes/metall.jpg
  artifactKey: Guid(1a33b0747b2523c42953de7b7ccdcb49) Importer(815301076,1909f56bfc062723c751e8b465ee728b)
Start importing Assets/Scenes/metall.jpg using Guid(1a33b0747b2523c42953de7b7ccdcb49) Importer(815301076,1909f56bfc062723c751e8b465ee728b)  -> (artifact id: '037aeafe82dba667d6635b7cbd059c0b') in 0.007207 seconds
Number of updated asset objects reloaded before import = 0
Number of asset objects unloaded after import = 2
========================================================================
Received Import Request.
  Time since last request: 288.850559 seconds.
  path: Assets/Scenes/light yellow.mat
  artifactKey: Guid(5b3a9cc83eba7db47895083247caba42) Importer(815301076,1909f56bfc062723c751e8b465ee728b)
Start importing Assets/Scenes/light yellow.mat using Guid(5b3a9cc83eba7db47895083247caba42) Importer(815301076,1909f56bfc062723c751e8b465ee728b)  -> (artifact id: '80235b54f70547501c3a15ec114f3ea7') in 0.011267 seconds
Number of updated asset objects reloaded before import = 0
Number of asset objects unloaded after import = 1
========================================================================
Received Import Request.
  Time since last request: 445.026492 seconds.
  path: Assets/Scenes/light yellow.mat
  artifactKey: Guid(5b3a9cc83eba7db47895083247caba42) Importer(815301076,1909f56bfc062723c751e8b465ee728b)
Start importing Assets/Scenes/light yellow.mat using Guid(5b3a9cc83eba7db47895083247caba42) Importer(815301076,1909f56bfc062723c751e8b465ee728b)  -> (artifact id: 'd0b0a115bfdab7d8cc777ce0c92496c8') in 0.051526 seconds
Number of updated asset objects reloaded before import = 0
Number of asset objects unloaded after import = 1
